<?xml version="1.0" encoding="UTF-8"?>
<testng-results ignored="0" total="1" passed="1" failed="0" skipped="0">
  <reporter-output>
  </reporter-output>
  <suite started-at="2025-04-10T12:02:19 IST" name="Suite" finished-at="2025-04-10T12:03:19 IST" duration-ms="60640">
    <groups>
    </groups>
    <test started-at="2025-04-10T12:02:19 IST" name="Signin_Existinguser" finished-at="2025-04-10T12:03:19 IST" duration-ms="60640">
      <class name="testcase.Signin_Existinguser">
        <test-method signature="login()[pri:2, instance:testcase.Signin_Existinguser@3db663d0]" started-at="2025-04-10T12:02:19 IST" name="login" finished-at="2025-04-10T12:03:19 IST" duration-ms="60601" status="PASS">
          <reporter-output>
          </reporter-output>
        </test-method> <!-- login -->
      </class> <!-- testcase.Signin_Existinguser -->
    </test> <!-- Signin_Existinguser -->
  </suite> <!-- Suite -->
</testng-results>
