<?xml version="1.0" encoding="UTF-8"?>
<!-- Generated by org.testng.reporters.JUnitXMLReporter -->
<testsuite ignored="0" hostname="vjasmitha-sa" failures="0" tests="10" name="ADD_PET_1" time="1288.3" errors="0" timestamp="2025-04-07T11:16:44 IST">
  <testcase classname="testcase.Add_Pet_btn" name="addpet" time="6.16"/>
  <testcase classname="testcase.Add_Cat_None" name="addcat_none" time="87.877"/>
  <testcase classname="testcase.Cat_Img_VetDetails" name="addpet_mypet" time="59.387"/>
  <testcase classname="testcase.Cat_Img_VetDetails" name="addpet_pethealth" time="312.159"/>
  <testcase classname="testcase.Cat_Img_VetDetails" name="addpet_vetdetails" time="52.585"/>
  <testcase classname="testcase.Cat_only_Image$Cat_Img_VetDetails" name="addpet_Mypet" time="55.911"/>
  <testcase classname="testcase.Cat_only_Image$Cat_Img_VetDetails" name="addpet_PetHealth" time="327.52"/>
  <testcase classname="testcase.Cat_Vetdetails" name="addpet_MyPet" time="32.929"/>
  <testcase classname="testcase.Cat_Vetdetails" name="addpet_pethealth" time="314.283"/>
  <testcase classname="testcase.Cat_Vetdetails" name="addpet_Vetdetails" time="39.433"/>
</testsuite> <!-- ADD_PET_1 -->
